e:\programming projects\c\recoilplatformer\recoilplatformer\x64\debug\vc143.pdb
e:\programming projects\c\recoilplatformer\recoilplatformer\x64\debug\vc143.idb
e:\programming projects\c\recoilplatformer\recoilplatformer\x64\debug\titlescreen.obj
e:\programming projects\c\recoilplatformer\recoilplatformer\x64\debug\testlevelscreen.obj
e:\programming projects\c\recoilplatformer\recoilplatformer\x64\debug\player.obj
e:\programming projects\c\recoilplatformer\recoilplatformer\x64\debug\main.obj
e:\programming projects\c\recoilplatformer\x64\debug\recoilplatformer.exe
e:\programming projects\c\recoilplatformer\x64\debug\recoilplatformer.pdb
e:\programming projects\c\recoilplatformer\recoilplatformer\recoilplatformer\recoilplatformer\x64\debug\raylib.dll
e:\programming projects\c\recoilplatformer\recoilplatformer\recoilplatformer\recoilplatformer\x64\debug\glfw3.dll
e:\programming projects\c\recoilplatformer\x64\debug\raylib.dll
e:\programming projects\c\recoilplatformer\x64\debug\glfw3.dll
e:\programming projects\c\recoilplatformer\recoilplatformer\x64\debug\recoilplatformer.ilk
e:\programming projects\c\recoilplatformer\recoilplatformer\x64\debug\testlevel.obj
e:\programming projects\c\recoilplatformer\recoilplatformer\x64\debug\recoilplatformer.tlog\cl.command.1.tlog
e:\programming projects\c\recoilplatformer\recoilplatformer\x64\debug\recoilplatformer.tlog\cl.items.tlog
e:\programming projects\c\recoilplatformer\recoilplatformer\x64\debug\recoilplatformer.tlog\cl.read.1.tlog
e:\programming projects\c\recoilplatformer\recoilplatformer\x64\debug\recoilplatformer.tlog\cl.write.1.tlog
e:\programming projects\c\recoilplatformer\recoilplatformer\x64\debug\recoilplatformer.tlog\link.command.1.tlog
e:\programming projects\c\recoilplatformer\recoilplatformer\x64\debug\recoilplatformer.tlog\link.read.1.tlog
e:\programming projects\c\recoilplatformer\recoilplatformer\x64\debug\recoilplatformer.tlog\link.secondary.1.tlog
e:\programming projects\c\recoilplatformer\recoilplatformer\x64\debug\recoilplatformer.tlog\link.write.1.tlog
e:\programming projects\c\recoilplatformer\recoilplatformer\x64\debug\recoilplatformer.tlog\recoilplatformer.write.1u.tlog
